[05-May-2023 20:24:14 UTC] PHP Deprecated:  Constant FILTER_SANITIZE_STRING is deprecated in /var/www/html/wp-content/plugins/wp-rest-api-controller/admin/class-wp-rest-api-controller-admin.php on line 123
[05-May-2023 20:40:23 UTC] PHP Deprecated:  Constant FILTER_SANITIZE_STRING is deprecated in /var/www/html/wp-content/plugins/wp-rest-api-controller/admin/class-wp-rest-api-controller-admin.php on line 123
[05-May-2023 20:41:26 UTC] PHP Deprecated:  Constant FILTER_SANITIZE_STRING is deprecated in /var/www/html/wp-content/plugins/wp-rest-api-controller/admin/class-wp-rest-api-controller-admin.php on line 123
[05-May-2023 20:47:00 UTC] PHP Deprecated:  Constant FILTER_SANITIZE_STRING is deprecated in /var/www/html/wp-content/plugins/wp-rest-api-controller/admin/class-wp-rest-api-controller-admin.php on line 123
[05-May-2023 20:47:06 UTC] PHP Deprecated:  Constant FILTER_SANITIZE_STRING is deprecated in /var/www/html/wp-content/plugins/wp-rest-api-controller/admin/class-wp-rest-api-controller-admin.php on line 123
[05-May-2023 20:47:16 UTC] PHP Deprecated:  Constant FILTER_SANITIZE_STRING is deprecated in /var/www/html/wp-content/plugins/wp-rest-api-controller/admin/class-wp-rest-api-controller-admin.php on line 123
[05-May-2023 21:02:19 UTC] Cron reschedule event error for hook: action_scheduler_run_queue, Error code: invalid_schedule, Error message: Event schedule does not exist., Data: {"schedule":"every_minute","args":["WP Cron"],"interval":60}
[05-May-2023 21:02:21 UTC] Cron reschedule event error for hook: action_scheduler_run_queue, Error code: invalid_schedule, Error message: Event schedule does not exist., Data: {"schedule":"every_minute","args":["WP Cron"],"interval":60}
[05-May-2023 21:08:37 UTC] PHP Deprecated:  Constant FILTER_SANITIZE_STRING is deprecated in /var/www/html/wp-content/plugins/wp-rest-api-controller/admin/class-wp-rest-api-controller-admin.php on line 123
[05-May-2023 21:09:09 UTC] PHP Deprecated:  Constant FILTER_SANITIZE_STRING is deprecated in /var/www/html/wp-content/plugins/wp-rest-api-controller/admin/class-wp-rest-api-controller-admin.php on line 123
[05-May-2023 21:11:14 UTC] PHP Deprecated:  Constant FILTER_SANITIZE_STRING is deprecated in /var/www/html/wp-content/plugins/wp-rest-api-controller/admin/class-wp-rest-api-controller-admin.php on line 123
[05-May-2023 21:13:55 UTC] PHP Deprecated:  Constant FILTER_SANITIZE_STRING is deprecated in /var/www/html/wp-content/plugins/wp-rest-api-controller/admin/class-wp-rest-api-controller-admin.php on line 123
[05-May-2023 21:14:14 UTC] PHP Deprecated:  Constant FILTER_SANITIZE_STRING is deprecated in /var/www/html/wp-content/plugins/wp-rest-api-controller/admin/class-wp-rest-api-controller-admin.php on line 123
[05-May-2023 21:14:57 UTC] PHP Deprecated:  Constant FILTER_SANITIZE_STRING is deprecated in /var/www/html/wp-content/plugins/wp-rest-api-controller/admin/class-wp-rest-api-controller-admin.php on line 123
[05-May-2023 21:15:53 UTC] PHP Deprecated:  Constant FILTER_SANITIZE_STRING is deprecated in /var/www/html/wp-content/plugins/wp-rest-api-controller/admin/class-wp-rest-api-controller-admin.php on line 123
[05-May-2023 21:15:54 UTC] PHP Deprecated:  Constant FILTER_SANITIZE_STRING is deprecated in /var/www/html/wp-content/plugins/wp-rest-api-controller/admin/class-wp-rest-api-controller-admin.php on line 123
[05-May-2023 22:51:30 UTC] PHP Warning:  Undefined array key "host" in /var/www/html/wp-includes/canonical.php on line 689
[05-May-2023 22:51:30 UTC] PHP Deprecated:  strtolower(): Passing null to parameter #1 ($string) of type string is deprecated in /var/www/html/wp-includes/canonical.php on line 689
[05-May-2023 22:51:30 UTC] PHP Warning:  Undefined array key "host" in /var/www/html/wp-includes/canonical.php on line 698
[05-May-2023 22:51:30 UTC] PHP Warning:  Undefined array key "host" in /var/www/html/wp-includes/canonical.php on line 701
[05-May-2023 22:51:30 UTC] PHP Warning:  Undefined array key "scheme" in /var/www/html/wp-includes/canonical.php on line 722
[05-May-2023 22:51:30 UTC] PHP Warning:  Undefined array key "host" in /var/www/html/wp-includes/canonical.php on line 689
[05-May-2023 22:51:30 UTC] PHP Deprecated:  strtolower(): Passing null to parameter #1 ($string) of type string is deprecated in /var/www/html/wp-includes/canonical.php on line 689
[05-May-2023 22:51:30 UTC] PHP Warning:  Undefined array key "host" in /var/www/html/wp-includes/canonical.php on line 698
[05-May-2023 22:51:30 UTC] PHP Warning:  Undefined array key "host" in /var/www/html/wp-includes/canonical.php on line 701
[05-May-2023 22:51:30 UTC] PHP Warning:  Undefined array key "scheme" in /var/www/html/wp-includes/canonical.php on line 722
[05-May-2023 23:40:21 UTC] PHP Deprecated:  Constant FILTER_SANITIZE_STRING is deprecated in /var/www/html/wp-content/plugins/wp-rest-api-controller/admin/class-wp-rest-api-controller-admin.php on line 123
[06-May-2023 00:14:40 UTC] PHP Deprecated:  Constant FILTER_SANITIZE_STRING is deprecated in /var/www/html/wp-content/plugins/wp-rest-api-controller/admin/class-wp-rest-api-controller-admin.php on line 123
[06-May-2023 00:16:01 UTC] PHP Deprecated:  Constant FILTER_SANITIZE_STRING is deprecated in /var/www/html/wp-content/plugins/wp-rest-api-controller/admin/class-wp-rest-api-controller-admin.php on line 123
[06-May-2023 00:18:07 UTC] PHP Deprecated:  Constant FILTER_SANITIZE_STRING is deprecated in /var/www/html/wp-content/plugins/wp-rest-api-controller/admin/class-wp-rest-api-controller-admin.php on line 123
[06-May-2023 00:18:29 UTC] PHP Deprecated:  Constant FILTER_SANITIZE_STRING is deprecated in /var/www/html/wp-content/plugins/wp-rest-api-controller/admin/class-wp-rest-api-controller-admin.php on line 123
[06-May-2023 00:18:47 UTC] PHP Deprecated:  Constant FILTER_SANITIZE_STRING is deprecated in /var/www/html/wp-content/plugins/wp-rest-api-controller/admin/class-wp-rest-api-controller-admin.php on line 123
[06-May-2023 00:37:24 UTC] PHP Deprecated:  Constant FILTER_SANITIZE_STRING is deprecated in /var/www/html/wp-content/plugins/wp-rest-api-controller/admin/class-wp-rest-api-controller-admin.php on line 123
[06-May-2023 00:38:51 UTC] PHP Deprecated:  Constant FILTER_SANITIZE_STRING is deprecated in /var/www/html/wp-content/plugins/wp-rest-api-controller/admin/class-wp-rest-api-controller-admin.php on line 123
[06-May-2023 00:40:04 UTC] PHP Deprecated:  Constant FILTER_SANITIZE_STRING is deprecated in /var/www/html/wp-content/plugins/wp-rest-api-controller/admin/class-wp-rest-api-controller-admin.php on line 123
[06-May-2023 00:41:54 UTC] PHP Deprecated:  Constant FILTER_SANITIZE_STRING is deprecated in /var/www/html/wp-content/plugins/wp-rest-api-controller/admin/class-wp-rest-api-controller-admin.php on line 123
[06-May-2023 00:42:14 UTC] PHP Deprecated:  Constant FILTER_SANITIZE_STRING is deprecated in /var/www/html/wp-content/plugins/wp-rest-api-controller/admin/class-wp-rest-api-controller-admin.php on line 123
[06-May-2023 00:43:53 UTC] PHP Deprecated:  Constant FILTER_SANITIZE_STRING is deprecated in /var/www/html/wp-content/plugins/wp-rest-api-controller/admin/class-wp-rest-api-controller-admin.php on line 123
[06-May-2023 00:46:08 UTC] PHP Deprecated:  Constant FILTER_SANITIZE_STRING is deprecated in /var/www/html/wp-content/plugins/wp-rest-api-controller/admin/class-wp-rest-api-controller-admin.php on line 123
[06-May-2023 06:54:16 UTC] PHP Deprecated:  Constant FILTER_SANITIZE_STRING is deprecated in /var/www/html/wp-content/plugins/wp-rest-api-controller/admin/class-wp-rest-api-controller-admin.php on line 123
[06-May-2023 11:09:12 UTC] PHP Deprecated:  Constant FILTER_SANITIZE_STRING is deprecated in /var/www/html/wp-content/plugins/wp-rest-api-controller/admin/class-wp-rest-api-controller-admin.php on line 123
[06-May-2023 11:20:15 UTC] PHP Deprecated:  Constant FILTER_SANITIZE_STRING is deprecated in /var/www/html/wp-content/plugins/wp-rest-api-controller/admin/class-wp-rest-api-controller-admin.php on line 123
[06-May-2023 11:20:43 UTC] PHP Deprecated:  Constant FILTER_SANITIZE_STRING is deprecated in /var/www/html/wp-content/plugins/wp-rest-api-controller/admin/class-wp-rest-api-controller-admin.php on line 123
[06-May-2023 11:22:28 UTC] PHP Deprecated:  Constant FILTER_SANITIZE_STRING is deprecated in /var/www/html/wp-content/plugins/wp-rest-api-controller/admin/class-wp-rest-api-controller-admin.php on line 123
[06-May-2023 11:25:37 UTC] PHP Deprecated:  Constant FILTER_SANITIZE_STRING is deprecated in /var/www/html/wp-content/plugins/wp-rest-api-controller/admin/class-wp-rest-api-controller-admin.php on line 123
[06-May-2023 11:25:48 UTC] PHP Deprecated:  Constant FILTER_SANITIZE_STRING is deprecated in /var/www/html/wp-content/plugins/wp-rest-api-controller/admin/class-wp-rest-api-controller-admin.php on line 123
[06-May-2023 11:29:33 UTC] PHP Deprecated:  Constant FILTER_SANITIZE_STRING is deprecated in /var/www/html/wp-content/plugins/wp-rest-api-controller/admin/class-wp-rest-api-controller-admin.php on line 123
[06-May-2023 15:56:30 UTC] PHP Deprecated:  Constant FILTER_SANITIZE_STRING is deprecated in /var/www/html/wp-content/plugins/wp-rest-api-controller/admin/class-wp-rest-api-controller-admin.php on line 123
[07-May-2023 10:29:44 UTC] PHP Deprecated:  Constant FILTER_SANITIZE_STRING is deprecated in /var/www/html/wp-content/plugins/wp-rest-api-controller/admin/class-wp-rest-api-controller-admin.php on line 123
[08-May-2023 14:01:40 UTC] Cron reschedule event error for hook: wpforms_email_summaries_cron, Error code: invalid_schedule, Error message: Event schedule does not exist., Data: {"schedule":"wpforms_email_summaries_weekly","args":[],"interval":604800}
[09-May-2023 06:23:41 UTC] WordPress database error Server shutdown in progress for query SELECT autoload FROM wp_options WHERE option_name = '_transient_jpp_li_77181403461f5a1b1d9f6dd328e91dd5' made by wp_xmlrpc_server->serve_request, IXR_Server->IXR_Server, IXR_Server->__construct, IXR_Server->serve, IXR_Server->call, IXR_Server->multiCall, IXR_Server->call, wp_xmlrpc_server->wp_getUsersBlogs, wp_xmlrpc_server->blogger_getUsersBlogs, wp_xmlrpc_server->login, wp_authenticate, do_action('wp_login_failed'), WP_Hook->do_action, WP_Hook->apply_filters, Automattic\Jetpack\Waf\Brute_Force_Protection\Brute_Force_Protection->log_failed_attempt, Automattic\Jetpack\Waf\Brute_Force_Protection\Brute_Force_Protection->protect_call, Automattic\Jetpack\Waf\Brute_Force_Protection\Brute_Force_Protection->delete_transient, delete_transient, delete_option
[09-May-2023 06:23:45 UTC] PHP Warning:  mysqli_real_connect(): (HY000/2002): No such file or directory in /var/www/html/wp-includes/class-wpdb.php on line 2019
[09-May-2023 06:23:46 UTC] PHP Notice:  Function wpdb was called <strong>incorrectly</strong>. wpdb must set a database connection for use with escaping. Please see <a href="https://wordpress.org/documentation/article/debugging-in-wordpress/">Debugging in WordPress</a> for more information. (This message was added in version 3.6.0.) in /var/www/html/wp-includes/functions.php on line 5865
[09-May-2023 06:23:50 UTC] PHP Warning:  mysqli_real_connect(): (HY000/2002): Permission denied in /var/www/html/wp-includes/class-wpdb.php on line 2019
[09-May-2023 06:23:51 UTC] PHP Warning:  Cannot modify header information - headers already sent by (output started at /var/www/html/wp-includes/functions.php:5309) in /var/www/html/wp-includes/IXR/class-IXR-server.php on line 144
[09-May-2023 06:23:51 UTC] PHP Warning:  Cannot modify header information - headers already sent by (output started at /var/www/html/wp-includes/functions.php:5309) in /var/www/html/wp-includes/IXR/class-IXR-server.php on line 146
[09-May-2023 06:23:51 UTC] PHP Warning:  Cannot modify header information - headers already sent by (output started at /var/www/html/wp-includes/functions.php:5309) in /var/www/html/wp-includes/IXR/class-IXR-server.php on line 149
[09-May-2023 06:23:51 UTC] PHP Warning:  mysqli_real_connect(): (HY000/2002): Permission denied in /var/www/html/wp-includes/class-wpdb.php on line 2019
